C:\Program Files (x86)\Microsoft Visual Studio\2017\Community\Common7\IDE\VC\VCTargets\Microsoft.CppBuild.targets(391,5): warning MSB8028: The intermediate directory (Debug\) contains files shared from another project (Spiking Neural Network.vcxproj).  This can lead to incorrect clean and rebuild behavior.
  LSM.cpp
e:\speciale git\lsm project\lsm project\lsm.cpp(32): warning C4018: '<': signed/unsigned mismatch
e:\speciale git\lsm project\lsm project\lsm.cpp(37): warning C4018: '<': signed/unsigned mismatch
e:\speciale git\lsm project\lsm project\lsm.cpp(47): warning C4018: '<': signed/unsigned mismatch
e:\speciale git\lsm project\lsm project\lsm.cpp(49): warning C4018: '<': signed/unsigned mismatch
e:\speciale git\lsm project\lsm project\lsm.cpp(58): warning C4018: '<': signed/unsigned mismatch
e:\speciale git\lsm project\lsm project\lsm.cpp(60): warning C4018: '<': signed/unsigned mismatch
e:\speciale git\lsm project\lsm project\lsm.cpp(71): warning C4018: '<': signed/unsigned mismatch
e:\speciale git\lsm project\lsm project\lsm.cpp(88): warning C4018: '<': signed/unsigned mismatch
e:\speciale git\lsm project\lsm project\lsm.cpp(120): warning C4018: '<': signed/unsigned mismatch
e:\speciale git\lsm project\lsm project\lsm.cpp(125): warning C4018: '<': signed/unsigned mismatch
e:\speciale git\lsm project\lsm project\lsm.cpp(135): warning C4018: '<': signed/unsigned mismatch
e:\speciale git\lsm project\lsm project\lsm.cpp(150): warning C4018: '<': signed/unsigned mismatch
e:\speciale git\lsm project\lsm project\lsm.cpp(230): warning C4018: '<': signed/unsigned mismatch
e:\speciale git\lsm project\lsm project\lsm.cpp(235): warning C4018: '<': signed/unsigned mismatch
e:\speciale git\lsm project\lsm project\lsm.cpp(299): warning C4018: '<': signed/unsigned mismatch
e:\speciale git\lsm project\lsm project\lsm.cpp(309): warning C4018: '<': signed/unsigned mismatch
e:\speciale git\lsm project\lsm project\lsm.cpp(592): warning C4018: '<': signed/unsigned mismatch
e:\speciale git\lsm project\lsm project\lsm.cpp(594): warning C4018: '<': signed/unsigned mismatch
  Neuron.cpp
e:\speciale git\lsm project\lsm project\neuron.cpp(44): warning C4018: '<': signed/unsigned mismatch
e:\speciale git\lsm project\lsm project\neuron.cpp(61): warning C4018: '<': signed/unsigned mismatch
e:\speciale git\lsm project\lsm project\neuron.cpp(125): warning C4244: 'return': conversion from 'double' to 'float', possible loss of data
e:\speciale git\lsm project\lsm project\neuron.cpp(130): warning C4244: 'return': conversion from 'double' to 'float', possible loss of data
e:\speciale git\lsm project\lsm project\neuron.cpp(176): warning C4018: '<': signed/unsigned mismatch
e:\speciale git\lsm project\lsm project\neuron.cpp(188): warning C4018: '<': signed/unsigned mismatch
e:\speciale git\lsm project\lsm project\neuron.cpp(198): warning C4018: '<': signed/unsigned mismatch
e:\speciale git\lsm project\lsm project\neuron.cpp(202): warning C4244: '+=': conversion from 'double' to '_Ty', possible loss of data
          with
          [
              _Ty=float
          ]
  Spiking Neural Network.cpp
e:\speciale git\lsm project\lsm project\spiking neural network.cpp(15): warning C4018: '<': signed/unsigned mismatch
e:\speciale git\lsm project\lsm project\spiking neural network.cpp(30): warning C4018: '<': signed/unsigned mismatch
e:\speciale git\lsm project\lsm project\spiking neural network.cpp(35): warning C4018: '<': signed/unsigned mismatch
e:\speciale git\lsm project\lsm project\spiking neural network.cpp(46): warning C4018: '<': signed/unsigned mismatch
e:\speciale git\lsm project\lsm project\spiking neural network.cpp(60): warning C4018: '<': signed/unsigned mismatch
e:\speciale git\lsm project\lsm project\spiking neural network.cpp(77): warning C4305: 'initializing': truncation from 'double' to 'float'
  Generating Code...
e:\speciale git\lsm project\lsm project\neuron.cpp(109): warning C4715: 'Neuron::update': not all control paths return a value
  Spiking Neural Network.vcxproj -> E:\Speciale Git\LSM Project\Debug\LSM Project.exe
